# JRE version: OpenJDK Runtime Environment Temurin-17.0.12+7 (17.0.12+7) (build 17.0.12+7)
# Java VM: OpenJDK 64-Bit Server VM Temurin-17.0.12+7 (17.0.12+7, mixed mode, tiered, compressed oops, compressed class ptrs, parallel gc, windows-amd64)
GC Precious Log:
 CPUs: 8 total, 8 available
 Memory: 3429M
 Large Page Support: Disabled
 NUMA Support: Disabled
 Compressed Oops: Enabled (32-bit)
 Alignments: Space 512K, Generation 512K, Heap 2M
 Heap Min Capacity: 100M
 Heap Initial Capacity: 100M
 Heap Max Capacity: 1G
 Pre-touch: Disabled
 Parallel Workers: 8
Heap:
 PSYoungGen      total 13824K, used 12787K [0x00000000eab00000, 0x00000000eba00000, 0x0000000100000000)
  eden space 12800K, 91% used [0x00000000eab00000,0x00000000eb67eeb8,0x00000000eb780000)
  from space 1024K, 99% used [0x00000000eb900000,0x00000000eb9fe010,0x00000000eba00000)
  to   space 512K, 0% used [0x00000000eb780000,0x00000000eb780000,0x00000000eb800000)
 ParOldGen       total 105984K, used 93569K [0x00000000c0000000, 0x00000000c6780000, 0x00000000eab00000)
  object space 105984K, 88% used [0x00000000c0000000,0x00000000c5b607c0,0x00000000c6780000)
 Metaspace       used 63639K, committed 64896K, reserved 1114112K
  class space    used 6779K, committed 7360K, reserved 1048576K
GC Heap History (20 events):
Event: 23.698 GC heap before
{Heap before GC invocations=43 (full 3):
 PSYoungGen      total 16896K, used 16889K [0x00000000eab00000, 0x00000000ebe80000, 0x0000000100000000)
  eden space 14848K, 100% used [0x00000000eab00000,0x00000000eb980000,0x00000000eb980000)
  from space 2048K, 99% used [0x00000000eb980000,0x00000000ebb7e680,0x00000000ebb80000)
  to   space 2560K, 0% used [0x00000000ebc00000,0x00000000ebc00000,0x00000000ebe80000)
 ParOldGen       total 68608K, used 60719K [0x00000000c0000000, 0x00000000c4300000, 0x00000000eab00000)
  object space 68608K, 88% used [0x00000000c0000000,0x00000000c3b4bc18,0x00000000c4300000)
 Metaspace       used 62754K, committed 64064K, reserved 1114112K
  class space    used 6694K, committed 7296K, reserved 1048576K
}
Event: 23.704 GC heap after
{Heap after GC invocations=43 (full 3):
 PSYoungGen      total 16896K, used 1696K [0x00000000eab00000, 0x00000000ebe00000, 0x0000000100000000)
  eden space 14848K, 0% used [0x00000000eab00000,0x00000000eab00000,0x00000000eb980000)
  from space 2048K, 82% used [0x00000000ebc00000,0x00000000ebda8000,0x00000000ebe00000)
  to   space 2048K, 0% used [0x00000000eb980000,0x00000000eb980000,0x00000000ebb80000)
 ParOldGen       total 68608K, used 62189K [0x00000000c0000000, 0x00000000c4300000, 0x00000000eab00000)
  object space 68608K, 90% used [0x00000000c0000000,0x00000000c3cbb6e0,0x00000000c4300000)
 Metaspace       used 62754K, committed 64064K, reserved 1114112K
  class space    used 6694K, committed 7296K, reserved 1048576K
}
Event: 23.832 GC heap before
{Heap before GC invocations=44 (full 3):
 PSYoungGen      total 16896K, used 16544K [0x00000000eab00000, 0x00000000ebe00000, 0x0000000100000000)
  eden space 14848K, 100% used [0x00000000eab00000,0x00000000eb980000,0x00000000eb980000)
  from space 2048K, 82% used [0x00000000ebc00000,0x00000000ebda8000,0x00000000ebe00000)
  to   space 2048K, 0% used [0x00000000eb980000,0x00000000eb980000,0x00000000ebb80000)
 ParOldGen       total 68608K, used 62189K [0x00000000c0000000, 0x00000000c4300000, 0x00000000eab00000)
  object space 68608K, 90% used [0x00000000c0000000,0x00000000c3cbb6e0,0x00000000c4300000)
 Metaspace       used 62838K, committed 64192K, reserved 1114112K
  class space    used 6710K, committed 7296K, reserved 1048576K
}
Event: 23.840 GC heap after
{Heap after GC invocations=44 (full 3):
 PSYoungGen      total 16896K, used 1760K [0x00000000eab00000, 0x00000000ebd80000, 0x0000000100000000)
  eden space 14848K, 0% used [0x00000000eab00000,0x00000000eab00000,0x00000000eb980000)
  from space 2048K, 85% used [0x00000000eb980000,0x00000000ebb38000,0x00000000ebb80000)
  to   space 2048K, 0% used [0x00000000ebb80000,0x00000000ebb80000,0x00000000ebd80000)
 ParOldGen       total 68608K, used 63732K [0x00000000c0000000, 0x00000000c4300000, 0x00000000eab00000)
  object space 68608K, 92% used [0x00000000c0000000,0x00000000c3e3d010,0x00000000c4300000)
 Metaspace       used 62838K, committed 64192K, reserved 1114112K
  class space    used 6710K, committed 7296K, reserved 1048576K
}
Event: 24.080 GC heap before
{Heap before GC invocations=45 (full 3):
 PSYoungGen      total 16896K, used 16608K [0x00000000eab00000, 0x00000000ebd80000, 0x0000000100000000)
  eden space 14848K, 100% used [0x00000000eab00000,0x00000000eb980000,0x00000000eb980000)
  from space 2048K, 85% used [0x00000000eb980000,0x00000000ebb38000,0x00000000ebb80000)
  to   space 2048K, 0% used [0x00000000ebb80000,0x00000000ebb80000,0x00000000ebd80000)
 ParOldGen       total 68608K, used 63732K [0x00000000c0000000, 0x00000000c4300000, 0x00000000eab00000)
  object space 68608K, 92% used [0x00000000c0000000,0x00000000c3e3d010,0x00000000c4300000)
 Metaspace       used 62946K, committed 64256K, reserved 1114112K
  class space    used 6720K, committed 7296K, reserved 1048576K
}
Event: 24.095 GC heap after
{Heap after GC invocations=45 (full 3):
 PSYoungGen      total 16896K, used 1692K [0x00000000eab00000, 0x00000000ebd80000, 0x0000000100000000)
  eden space 14848K, 0% used [0x00000000eab00000,0x00000000eab00000,0x00000000eb980000)
  from space 2048K, 82% used [0x00000000ebb80000,0x00000000ebd27018,0x00000000ebd80000)
  to   space 2048K, 0% used [0x00000000eb980000,0x00000000eb980000,0x00000000ebb80000)
 ParOldGen       total 68608K, used 65284K [0x00000000c0000000, 0x00000000c4300000, 0x00000000eab00000)
  object space 68608K, 95% used [0x00000000c0000000,0x00000000c3fc1138,0x00000000c4300000)
 Metaspace       used 62946K, committed 64256K, reserved 1114112K
  class space    used 6720K, committed 7296K, reserved 1048576K
}
Event: 24.536 GC heap before
{Heap before GC invocations=46 (full 3):
 PSYoungGen      total 16896K, used 16539K [0x00000000eab00000, 0x00000000ebd80000, 0x0000000100000000)
  eden space 14848K, 99% used [0x00000000eab00000,0x00000000eb97ffe0,0x00000000eb980000)
  from space 2048K, 82% used [0x00000000ebb80000,0x00000000ebd27018,0x00000000ebd80000)
  to   space 2048K, 0% used [0x00000000eb980000,0x00000000eb980000,0x00000000ebb80000)
 ParOldGen       total 68608K, used 65284K [0x00000000c0000000, 0x00000000c4300000, 0x00000000eab00000)
  object space 68608K, 95% used [0x00000000c0000000,0x00000000c3fc1138,0x00000000c4300000)
 Metaspace       used 63143K, committed 64512K, reserved 1114112K
  class space    used 6742K, committed 7360K, reserved 1048576K
}
Event: 24.543 GC heap after
{Heap after GC invocations=46 (full 3):
 PSYoungGen      total 16384K, used 1262K [0x00000000eab00000, 0x00000000ebc80000, 0x0000000100000000)
  eden space 14848K, 0% used [0x00000000eab00000,0x00000000eab00000,0x00000000eb980000)
  from space 1536K, 82% used [0x00000000eb980000,0x00000000ebabbae8,0x00000000ebb00000)
  to   space 1536K, 0% used [0x00000000ebb00000,0x00000000ebb00000,0x00000000ebc80000)
 ParOldGen       total 68608K, used 67834K [0x00000000c0000000, 0x00000000c4300000, 0x00000000eab00000)
  object space 68608K, 98% used [0x00000000c0000000,0x00000000c423e838,0x00000000c4300000)
 Metaspace       used 63143K, committed 64512K, reserved 1114112K
  class space    used 6742K, committed 7360K, reserved 1048576K
}
Event: 24.543 GC heap before
{Heap before GC invocations=47 (full 4):
 PSYoungGen      total 16384K, used 1262K [0x00000000eab00000, 0x00000000ebc80000, 0x0000000100000000)
  eden space 14848K, 0% used [0x00000000eab00000,0x00000000eab00000,0x00000000eb980000)
  from space 1536K, 82% used [0x00000000eb980000,0x00000000ebabbae8,0x00000000ebb00000)
  to   space 1536K, 0% used [0x00000000ebb00000,0x00000000ebb00000,0x00000000ebc80000)
 ParOldGen       total 68608K, used 67834K [0x00000000c0000000, 0x00000000c4300000, 0x00000000eab00000)
  object space 68608K, 98% used [0x00000000c0000000,0x00000000c423e838,0x00000000c4300000)
 Metaspace       used 63143K, committed 64512K, reserved 1114112K
  class space    used 6742K, committed 7360K, reserved 1048576K
}
Event: 25.166 GC heap after
{Heap after GC invocations=47 (full 4):
 PSYoungGen      total 16384K, used 0K [0x00000000eab00000, 0x00000000ebc80000, 0x0000000100000000)
  eden space 14848K, 0% used [0x00000000eab00000,0x00000000eab00000,0x00000000eb980000)
  from space 1536K, 0% used [0x00000000ebb00000,0x00000000ebb00000,0x00000000ebc80000)
  to   space 1536K, 0% used [0x00000000eb980000,0x00000000eb980000,0x00000000ebb00000)
 ParOldGen       total 93184K, used 65237K [0x00000000c0000000, 0x00000000c5b00000, 0x00000000eab00000)
  object space 93184K, 70% used [0x00000000c0000000,0x00000000c3fb57b8,0x00000000c5b00000)
 Metaspace       used 63140K, committed 64512K, reserved 1114112K
  class space    used 6741K, committed 7360K, reserved 1048576K
}
Event: 25.516 GC heap before
{Heap before GC invocations=48 (full 4):
 PSYoungGen      total 16384K, used 14848K [0x00000000eab00000, 0x00000000ebc80000, 0x0000000100000000)
  eden space 14848K, 100% used [0x00000000eab00000,0x00000000eb980000,0x00000000eb980000)
  from space 1536K, 0% used [0x00000000ebb00000,0x00000000ebb00000,0x00000000ebc80000)
  to   space 1536K, 0% used [0x00000000eb980000,0x00000000eb980000,0x00000000ebb00000)
 ParOldGen       total 93184K, used 65237K [0x00000000c0000000, 0x00000000c5b00000, 0x00000000eab00000)
  object space 93184K, 70% used [0x00000000c0000000,0x00000000c3fb57b8,0x00000000c5b00000)
 Metaspace       used 63470K, committed 64768K, reserved 1114112K
  class space    used 6772K, committed 7360K, reserved 1048576K
}
Event: 25.519 GC heap after
{Heap after GC invocations=48 (full 4):
 PSYoungGen      total 16384K, used 1344K [0x00000000eab00000, 0x00000000ebc80000, 0x0000000100000000)
  eden space 14848K, 0% used [0x00000000eab00000,0x00000000eab00000,0x00000000eb980000)
  from space 1536K, 87% used [0x00000000eb980000,0x00000000ebad0040,0x00000000ebb00000)
  to   space 1536K, 0% used [0x00000000ebb00000,0x00000000ebb00000,0x00000000ebc80000)
 ParOldGen       total 93184K, used 66567K [0x00000000c0000000, 0x00000000c5b00000, 0x00000000eab00000)
  object space 93184K, 71% used [0x00000000c0000000,0x00000000c4101f38,0x00000000c5b00000)
 Metaspace       used 63470K, committed 64768K, reserved 1114112K
  class space    used 6772K, committed 7360K, reserved 1048576K
}
Event: 25.765 GC heap before
{Heap before GC invocations=49 (full 4):
 PSYoungGen      total 16384K, used 16192K [0x00000000eab00000, 0x00000000ebc80000, 0x0000000100000000)
  eden space 14848K, 100% used [0x00000000eab00000,0x00000000eb980000,0x00000000eb980000)
  from space 1536K, 87% used [0x00000000eb980000,0x00000000ebad0040,0x00000000ebb00000)
  to   space 1536K, 0% used [0x00000000ebb00000,0x00000000ebb00000,0x00000000ebc80000)
 ParOldGen       total 93184K, used 74227K [0x00000000c0000000, 0x00000000c5b00000, 0x00000000eab00000)
  object space 93184K, 79% used [0x00000000c0000000,0x00000000c487cf48,0x00000000c5b00000)
 Metaspace       used 63489K, committed 64768K, reserved 1114112K
  class space    used 6774K, committed 7360K, reserved 1048576K
}
Event: 25.771 GC heap after
{Heap after GC invocations=49 (full 4):
 PSYoungGen      total 14336K, used 1518K [0x00000000eab00000, 0x00000000ec080000, 0x0000000100000000)
  eden space 12800K, 0% used [0x00000000eab00000,0x00000000eab00000,0x00000000eb780000)
  from space 1536K, 98% used [0x00000000ebb00000,0x00000000ebc7b838,0x00000000ebc80000)
  to   space 3584K, 0% used [0x00000000eb780000,0x00000000eb780000,0x00000000ebb00000)
 ParOldGen       total 93184K, used 75749K [0x00000000c0000000, 0x00000000c5b00000, 0x00000000eab00000)
  object space 93184K, 81% used [0x00000000c0000000,0x00000000c49f96c8,0x00000000c5b00000)
 Metaspace       used 63489K, committed 64768K, reserved 1114112K
  class space    used 6774K, committed 7360K, reserved 1048576K
}
Event: 26.019 GC heap before
{Heap before GC invocations=50 (full 4):
 PSYoungGen      total 14336K, used 10600K [0x00000000eab00000, 0x00000000ec080000, 0x0000000100000000)
  eden space 12800K, 70% used [0x00000000eab00000,0x00000000eb3dea98,0x00000000eb780000)
  from space 1536K, 98% used [0x00000000ebb00000,0x00000000ebc7b838,0x00000000ebc80000)
  to   space 3584K, 0% used [0x00000000eb780000,0x00000000eb780000,0x00000000ebb00000)
 ParOldGen       total 104448K, used 102079K [0x00000000c0000000, 0x00000000c6600000, 0x00000000eab00000)
  object space 104448K, 97% used [0x00000000c0000000,0x00000000c63afc78,0x00000000c6600000)
 Metaspace       used 63511K, committed 64768K, reserved 1114112K
  class space    used 6776K, committed 7360K, reserved 1048576K
}
Event: 26.024 GC heap after
{Heap after GC invocations=50 (full 4):
 PSYoungGen      total 13824K, used 1018K [0x00000000eab00000, 0x00000000ebb80000, 0x0000000100000000)
  eden space 12800K, 0% used [0x00000000eab00000,0x00000000eab00000,0x00000000eb780000)
  from space 1024K, 99% used [0x00000000eb780000,0x00000000eb87e9b0,0x00000000eb880000)
  to   space 2048K, 0% used [0x00000000eb980000,0x00000000eb980000,0x00000000ebb80000)
 ParOldGen       total 104448K, used 103490K [0x00000000c0000000, 0x00000000c6600000, 0x00000000eab00000)
  object space 104448K, 99% used [0x00000000c0000000,0x00000000c6510928,0x00000000c6600000)
 Metaspace       used 63511K, committed 64768K, reserved 1114112K
  class space    used 6776K, committed 7360K, reserved 1048576K
}
Event: 26.025 GC heap before
{Heap before GC invocations=51 (full 5):
 PSYoungGen      total 13824K, used 1018K [0x00000000eab00000, 0x00000000ebb80000, 0x0000000100000000)
  eden space 12800K, 0% used [0x00000000eab00000,0x00000000eab00000,0x00000000eb780000)
  from space 1024K, 99% used [0x00000000eb780000,0x00000000eb87e9b0,0x00000000eb880000)
  to   space 2048K, 0% used [0x00000000eb980000,0x00000000eb980000,0x00000000ebb80000)
 ParOldGen       total 104448K, used 103490K [0x00000000c0000000, 0x00000000c6600000, 0x00000000eab00000)
  object space 104448K, 99% used [0x00000000c0000000,0x00000000c6510928,0x00000000c6600000)
 Metaspace       used 63511K, committed 64768K, reserved 1114112K
  class space    used 6776K, committed 7360K, reserved 1048576K
}
Event: 26.170 GC heap after
{Heap after GC invocations=51 (full 5):
 PSYoungGen      total 14848K, used 0K [0x00000000eab00000, 0x00000000ebb80000, 0x0000000100000000)
  eden space 12800K, 0% used [0x00000000eab00000,0x00000000eab00000,0x00000000eb780000)
  from space 2048K, 0% used [0x00000000eb980000,0x00000000eb980000,0x00000000ebb80000)
  to   space 2048K, 0% used [0x00000000eb780000,0x00000000eb780000,0x00000000eb980000)
 ParOldGen       total 105984K, used 79551K [0x00000000c0000000, 0x00000000c6780000, 0x00000000eab00000)
  object space 105984K, 75% used [0x00000000c0000000,0x00000000c4daff80,0x00000000c6780000)
 Metaspace       used 63511K, committed 64768K, reserved 1114112K
  class space    used 6776K, committed 7360K, reserved 1048576K
}
Event: 26.212 GC heap before
{Heap before GC invocations=52 (full 5):
 PSYoungGen      total 14848K, used 12800K [0x00000000eab00000, 0x00000000ebb80000, 0x0000000100000000)
  eden space 12800K, 100% used [0x00000000eab00000,0x00000000eb780000,0x00000000eb780000)
  from space 2048K, 0% used [0x00000000eb980000,0x00000000eb980000,0x00000000ebb80000)
  to   space 2048K, 0% used [0x00000000eb780000,0x00000000eb780000,0x00000000eb980000)
 ParOldGen       total 105984K, used 79551K [0x00000000c0000000, 0x00000000c6780000, 0x00000000eab00000)
  object space 105984K, 75% used [0x00000000c0000000,0x00000000c4daff80,0x00000000c6780000)
 Metaspace       used 63524K, committed 64832K, reserved 1114112K
  class space    used 6777K, committed 7360K, reserved 1048576K
}
Event: 26.219 GC heap after
{Heap after GC invocations=52 (full 5):
 PSYoungGen      total 13312K, used 448K [0x00000000eab00000, 0x00000000eba00000, 0x0000000100000000)
  eden space 12800K, 0% used [0x00000000eab00000,0x00000000eab00000,0x00000000eb780000)
  from space 512K, 87% used [0x00000000eb780000,0x00000000eb7f02c0,0x00000000eb800000)
  to   space 1024K, 0% used [0x00000000eb900000,0x00000000eb900000,0x00000000eba00000)
 ParOldGen       total 105984K, used 90569K [0x00000000c0000000, 0x00000000c6780000, 0x00000000eab00000)
  object space 105984K, 85% used [0x00000000c0000000,0x00000000c5872520,0x00000000c6780000)
 Metaspace       used 63524K, committed 64832K, reserved 1114112K
  class space    used 6777K, committed 7360K, reserved 1048576K
}

